c:\users\usuario\documents\vfscpp\term2\snakeproject\obj\debug\vc142.pdb
c:\users\usuario\documents\vfscpp\term2\snakeproject\obj\debug\vc142.idb
c:\users\usuario\documents\vfscpp\term2\snakeproject\obj\debug\main.obj
c:\users\usuario\documents\vfscpp\term2\snakeproject\obj\debug\game.obj
c:\users\usuario\documents\vfscpp\term2\snakesim\snakeproject\obj\debug\vc142.pdb
c:\users\usuario\documents\vfscpp\term2\snakesim\snakeproject\obj\debug\vc142.idb
c:\users\usuario\documents\vfscpp\term2\snakesim\snakeproject\obj\debug\main.obj
c:\users\usuario\documents\vfscpp\term2\snakesim\snakeproject\obj\debug\game.obj
c:\users\usuario\documents\vfscpp\term2\snakeproject\bin\game.exe
c:\users\usuario\documents\vfscpp\term2\snakeproject\bin\game.ilk
c:\users\usuario\documents\vfscpp\term2\snakeproject\bin\game.pdb
c:\users\usuario\documents\vfscpp\term2\snakesim\snakeproject\bin\game.exe
c:\users\usuario\documents\vfscpp\term2\snakesim\snakeproject\bin\game.ilk
c:\users\usuario\documents\vfscpp\term2\snakesim\snakeproject\bin\game.pdb
c:\users\usuario\documents\vfscpp\term2\snakesim\snakeproject\obj\debug\game.tlog\cl.command.1.tlog
c:\users\usuario\documents\vfscpp\term2\snakesim\snakeproject\obj\debug\game.tlog\cl.read.1.tlog
c:\users\usuario\documents\vfscpp\term2\snakesim\snakeproject\obj\debug\game.tlog\cl.write.1.tlog
c:\users\usuario\documents\vfscpp\term2\snakesim\snakeproject\obj\debug\game.tlog\link.command.1.tlog
c:\users\usuario\documents\vfscpp\term2\snakesim\snakeproject\obj\debug\game.tlog\link.read.1.tlog
c:\users\usuario\documents\vfscpp\term2\snakesim\snakeproject\obj\debug\game.tlog\link.write.1.tlog
